This is pdfTeX, Version 3.14159265-2.6-1.40.18 (TeX Live 2017/W32TeX) (preloaded format=pdflatex 2017.9.25)  27 NOV 2018 11:38
entering extended mode
 restricted \write18 enabled.
 %&-line parsing enabled.
**./a5.tex
(./a5.tex
LaTeX2e <2017-04-15>
Babel <3.13> and hyphenation patterns for 84 language(s) loaded.
(d:/texlive/2017/texmf-dist/tex/latex/base/article.cls
Document Class: article 2014/09/29 v1.4h Standard LaTeX document class
(d:/texlive/2017/texmf-dist/tex/latex/base/size12.clo
File: size12.clo 2014/09/29 v1.4h Standard LaTeX file (size option)
)
\c@part=\count79
\c@section=\count80
\c@subsection=\count81
\c@subsubsection=\count82
\c@paragraph=\count83
\c@subparagraph=\count84
\c@figure=\count85
\c@table=\count86
\abovecaptionskip=\skip41
\belowcaptionskip=\skip42
\bibindent=\dimen102
)
(d:/texlive/2017/texmf-dist/tex/latex/amsmath/amsmath.sty
Package: amsmath 2017/09/02 v2.17a AMS math features
\@mathmargin=\skip43

For additional information on amsmath, use the `?' option.
(d:/texlive/2017/texmf-dist/tex/latex/amsmath/amstext.sty
Package: amstext 2000/06/29 v2.01 AMS text

(d:/texlive/2017/texmf-dist/tex/latex/amsmath/amsgen.sty
File: amsgen.sty 1999/11/30 v2.0 generic functions
\@emptytoks=\toks14
\ex@=\dimen103
))
(d:/texlive/2017/texmf-dist/tex/latex/amsmath/amsbsy.sty
Package: amsbsy 1999/11/29 v1.2d Bold Symbols
\pmbraise@=\dimen104
)
(d:/texlive/2017/texmf-dist/tex/latex/amsmath/amsopn.sty
Package: amsopn 2016/03/08 v2.02 operator names
)
\inf@bad=\count87
LaTeX Info: Redefining \frac on input line 213.
\uproot@=\count88
\leftroot@=\count89
LaTeX Info: Redefining \overline on input line 375.
\classnum@=\count90
\DOTSCASE@=\count91
LaTeX Info: Redefining \ldots on input line 472.
LaTeX Info: Redefining \dots on input line 475.
LaTeX Info: Redefining \cdots on input line 596.
\Mathstrutbox@=\box26
\strutbox@=\box27
\big@size=\dimen105
LaTeX Font Info:    Redeclaring font encoding OML on input line 712.
LaTeX Font Info:    Redeclaring font encoding OMS on input line 713.
\macc@depth=\count92
\c@MaxMatrixCols=\count93
\dotsspace@=\muskip10
\c@parentequation=\count94
\dspbrk@lvl=\count95
\tag@help=\toks15
\row@=\count96
\column@=\count97
\maxfields@=\count98
\andhelp@=\toks16
\eqnshift@=\dimen106
\alignsep@=\dimen107
\tagshift@=\dimen108
\tagwidth@=\dimen109
\totwidth@=\dimen110
\lineht@=\dimen111
\@envbody=\toks17
\multlinegap=\skip44
\multlinetaggap=\skip45
\mathdisplay@stack=\toks18
LaTeX Info: Redefining \[ on input line 2817.
LaTeX Info: Redefining \] on input line 2818.
)
(d:/texlive/2017/texmf-dist/tex/latex/amsfonts/amssymb.sty
Package: amssymb 2013/01/14 v3.01 AMS font symbols

(d:/texlive/2017/texmf-dist/tex/latex/amsfonts/amsfonts.sty
Package: amsfonts 2013/01/14 v3.01 Basic AMSFonts support
\symAMSa=\mathgroup4
\symAMSb=\mathgroup5
LaTeX Font Info:    Overwriting math alphabet `\mathfrak' in version `bold'
(Font)                  U/euf/m/n --> U/euf/b/n on input line 106.
))
(d:/texlive/2017/texmf-dist/tex/latex/amscls/amsthm.sty
Package: amsthm 2015/03/04 v2.20.2
\thm@style=\toks19
\thm@bodyfont=\toks20
\thm@headfont=\toks21
\thm@notefont=\toks22
\thm@headpunct=\toks23
\thm@preskip=\skip46
\thm@postskip=\skip47
\thm@headsep=\skip48
\dth@everypar=\toks24
)
(d:/texlive/2017/texmf-dist/tex/latex/graphics/color.sty
Package: color 2016/07/10 v1.1e Standard LaTeX Color (DPC)

(d:/texlive/2017/texmf-dist/tex/latex/graphics-cfg/color.cfg
File: color.cfg 2016/01/02 v1.6 sample color configuration
)
Package color Info: Driver file: pdftex.def on input line 147.

(d:/texlive/2017/texmf-dist/tex/latex/graphics-def/pdftex.def
File: pdftex.def 2017/06/24 v1.0g Graphics/color driver for pdftex
))
(d:/texlive/2017/texmf-dist/tex/latex/tools/verbatim.sty
Package: verbatim 2014/10/28 v1.5q LaTeX2e package for verbatim enhancements
\every@verbatim=\toks25
\verbatim@line=\toks26
\verbatim@in@stream=\read1
)
(d:/texlive/2017/texmf-dist/tex/latex/listings/listings.sty
(d:/texlive/2017/texmf-dist/tex/latex/graphics/keyval.sty
Package: keyval 2014/10/28 v1.15 key=value parser (DPC)
\KV@toks@=\toks27
)
\lst@mode=\count99
\lst@gtempboxa=\box28
\lst@token=\toks28
\lst@length=\count100
\lst@currlwidth=\dimen112
\lst@column=\count101
\lst@pos=\count102
\lst@lostspace=\dimen113
\lst@width=\dimen114
\lst@newlines=\count103
\lst@lineno=\count104
\lst@maxwidth=\dimen115

(d:/texlive/2017/texmf-dist/tex/latex/listings/lstmisc.sty
File: lstmisc.sty 2015/06/04 1.6 (Carsten Heinz)
\c@lstnumber=\count105
\lst@skipnumbers=\count106
\lst@framebox=\box29
)
(d:/texlive/2017/texmf-dist/tex/latex/listings/listings.cfg
File: listings.cfg 2015/06/04 1.6 listings configuration
))
Package: listings 2015/06/04 1.6 (Carsten Heinz)

(d:/texlive/2017/texmf-dist/tex/latex/xcolor/xcolor.sty
Package: xcolor 2016/05/11 v2.12 LaTeX color extensions (UK)

(d:/texlive/2017/texmf-dist/tex/latex/graphics-cfg/color.cfg
File: color.cfg 2016/01/02 v1.6 sample color configuration
)
Package xcolor Info: Driver file: pdftex.def on input line 225.
LaTeX Info: Redefining \color on input line 709.
Package xcolor Info: Model `cmy' substituted by `cmy0' on input line 1348.
Package xcolor Info: Model `hsb' substituted by `rgb' on input line 1352.
Package xcolor Info: Model `RGB' extended on input line 1364.
Package xcolor Info: Model `HTML' substituted by `rgb' on input line 1366.
Package xcolor Info: Model `Hsb' substituted by `hsb' on input line 1367.
Package xcolor Info: Model `tHsb' substituted by `hsb' on input line 1368.
Package xcolor Info: Model `HSB' substituted by `hsb' on input line 1369.
Package xcolor Info: Model `Gray' substituted by `gray' on input line 1370.
Package xcolor Info: Model `wave' substituted by `hsb' on input line 1371.
) (./a5.aux)
\openout1 = `a5.aux'.

LaTeX Font Info:    Checking defaults for OML/cmm/m/it on input line 17.
LaTeX Font Info:    ... okay on input line 17.
LaTeX Font Info:    Checking defaults for T1/cmr/m/n on input line 17.
LaTeX Font Info:    ... okay on input line 17.
LaTeX Font Info:    Checking defaults for OT1/cmr/m/n on input line 17.
LaTeX Font Info:    ... okay on input line 17.
LaTeX Font Info:    Checking defaults for OMS/cmsy/m/n on input line 17.
LaTeX Font Info:    ... okay on input line 17.
LaTeX Font Info:    Checking defaults for OMX/cmex/m/n on input line 17.
LaTeX Font Info:    ... okay on input line 17.
LaTeX Font Info:    Checking defaults for U/cmr/m/n on input line 17.
LaTeX Font Info:    ... okay on input line 17.

(d:/texlive/2017/texmf-dist/tex/context/base/mkii/supp-pdf.mkii
[Loading MPS to PDF converter (version 2006.09.02).]
\scratchcounter=\count107
\scratchdimen=\dimen116
\scratchbox=\box30
\nofMPsegments=\count108
\nofMParguments=\count109
\everyMPshowfont=\toks29
\MPscratchCnt=\count110
\MPscratchDim=\dimen117
\MPnumerator=\count111
\makeMPintoPDFobject=\count112
\everyMPtoPDFconversion=\toks30
)
\c@lstlisting=\count113
LaTeX Font Info:    Try loading font information for U+msa on input line 53.
 (d:/texlive/2017/texmf-dist/tex/latex/amsfonts/umsa.fd
File: umsa.fd 2013/01/14 v3.01 AMS symbols A
)
LaTeX Font Info:    Try loading font information for U+msb on input line 53.

(d:/texlive/2017/texmf-dist/tex/latex/amsfonts/umsb.fd
File: umsb.fd 2013/01/14 v3.01 AMS symbols B
) [1

{d:/texlive/2017/texmf-var/fonts/map/pdftex/updmap/pdftex.map}]
LaTeX Font Info:    Try loading font information for OMS+cmr on input line 99.

(d:/texlive/2017/texmf-dist/tex/latex/base/omscmr.fd
File: omscmr.fd 2014/09/29 v2.5h Standard LaTeX font definitions
)
LaTeX Font Info:    Font shape `OMS/cmr/m/n' in size <12> not available
(Font)              Font shape `OMS/cmsy/m/n' tried instead on input line 99.

Overfull \hbox (6.6481pt too wide) in paragraph at lines 115--116
[]\OT1/cmr/m/n/12 If $(\OML/cmm/m/it/12 A; ^^\\OT1/cmr/m/n/12 ) \OMS/cmsy/m/n/1
2 2 \OML/cmm/m/it/12 model\OT1/cmr/m/n/12 (\OML/cmm/m/it/12 '\OT1/cmr/m/n/12 )$
, we have done be-cause that means $\OML/cmm/m/it/12 model\OT1/cmr/m/n/12 (^^@;
 \OML/cmm/m/it/12 \OT1/cmr/m/n/12 ) \OMS/cmsy/m/n/12 ^^R \OML/cmm/m/it/12 mode
l\OT1/cmr/m/n/12 (\OML/cmm/m/it/12 '\OT1/cmr/m/n/12 )$
 []

[2]
Underfull \hbox (badness 10000) in paragraph at lines 164--165

 []


Underfull \hbox (badness 10000) in paragraph at lines 166--167

 []

[3]
LaTeX Font Info:    Try loading font information for U+euf on input line 174.
 (d:/texlive/2017/texmf-dist/tex/latex/amsfonts/ueuf.fd
File: ueuf.fd 2013/01/14 v3.01 Euler Fraktur
) [4] [5] [6]
[7] [8]
Underfull \hbox (badness 10000) in paragraph at lines 419--420

 []


Overfull \hbox (50.21446pt too wide) in paragraph at lines 439--440
\OT1/cmr/m/n/12 where $\OML/cmm/m/it/12 c[] \OT1/cmr/m/n/12 = \OML/cmm/m/it/12 
^^\[]\OT1/cmr/m/n/12 (\OML/cmm/m/it/12 x\OT1/cmr/m/n/12 )$ for ev-ery $\OML/cmm
/m/it/12 i$\OT1/cmr/m/n/12 , s.t. $\OML/cmm/m/it/12 P\OT1/cmr/m/n/12 (\OML/cmm/
m/it/12 c[]; :::; c[]\OT1/cmr/m/n/12 )$ is true. Thus $\OML/cmm/m/it/12 P[]\OT1
/cmr/m/n/12 (\OML/cmm/m/it/12 e\OT1/cmr/m/n/12 (\OML/cmm/m/it/12 c[]\OT1/cmr/m/
n/12 )\OML/cmm/m/it/12 ; :::; e\OT1/cmr/m/n/12 (\OML/cmm/m/it/12 c[]\OT1/cmr/m/
n/12 ))$
 []


Overfull \hbox (20.90009pt too wide) in paragraph at lines 440--442
\OML/cmm/m/it/12 D[]$ \OT1/cmr/m/n/12 s.t. $\OML/cmm/m/it/12 P[]\OT1/cmr/m/n/12
 (\OML/cmm/m/it/12 c[]; :::; c[]\OT1/cmr/m/n/12 )$ and $\OML/cmm/m/it/12 e\OT1/
cmr/m/n/12 (\OML/cmm/m/it/12 c[]\OT1/cmr/m/n/12 ) = \OML/cmm/m/it/12 e\OT1/cmr/
m/n/12 (\OML/cmm/m/it/12 ^^\[]\OT1/cmr/m/n/12 (\OML/cmm/m/it/12 x\OT1/cmr/m/n/1
2 ))$, in other words, $\OML/cmm/m/it/12 E\OT1/cmr/m/n/12 (\OML/cmm/m/it/12 c[]
; ^^\[]\OT1/cmr/m/n/12 (\OML/cmm/m/it/12 x\OT1/cmr/m/n/12 ))$
 []


Overfull \hbox (4.96094pt too wide) in paragraph at lines 440--442
\OT1/cmr/m/n/12 is true. Since we have con-gru-ence ax-iom for $\OML/cmm/m/it/1
2 E$\OT1/cmr/m/n/12 , $\OML/cmm/m/it/12 P[]\OT1/cmr/m/n/12 (\OML/cmm/m/it/12 ^^
\[]\OT1/cmr/m/n/12 (\OML/cmm/m/it/12 x[]\OT1/cmr/m/n/12 )\OML/cmm/m/it/12 ; :::
; ^^\[]\OT1/cmr/m/n/12 (\OML/cmm/m/it/12 x[]\OT1/cmr/m/n/12 ))$
 []

[9]
Underfull \hbox (badness 10000) in paragraph at lines 460--469

 []


Underfull \hbox (badness 10000) in paragraph at lines 469--477

 []

[10] [11] (./a5.aux) ) 
Here is how much of TeX's memory you used:
 3409 strings out of 492990
 43805 string characters out of 6136334
 110061 words of memory out of 5000000
 6950 multiletter control sequences out of 15000+600000
 11175 words of font info for 42 fonts, out of 8000000 for 9000
 1141 hyphenation exceptions out of 8191
 27i,9n,35p,683b,368s stack positions out of 5000i,500n,10000p,200000b,80000s
<d:/texlive/2017/texmf-dist/fonts/type1/public/amsfonts/c
m/cmbx12.pfb><d:/texlive/2017/texmf-dist/fonts/type1/public/amsfonts/cm/cmcsc10
.pfb><d:/texlive/2017/texmf-dist/fonts/type1/public/amsfonts/cm/cmex10.pfb><d:/
texlive/2017/texmf-dist/fonts/type1/public/amsfonts/cm/cmmi12.pfb><d:/texlive/2
017/texmf-dist/fonts/type1/public/amsfonts/cm/cmmi6.pfb><d:/texlive/2017/texmf-
dist/fonts/type1/public/amsfonts/cm/cmmi8.pfb><d:/texlive/2017/texmf-dist/fonts
/type1/public/amsfonts/cm/cmr12.pfb><d:/texlive/2017/texmf-dist/fonts/type1/pub
lic/amsfonts/cm/cmr17.pfb><d:/texlive/2017/texmf-dist/fonts/type1/public/amsfon
ts/cm/cmr6.pfb><d:/texlive/2017/texmf-dist/fonts/type1/public/amsfonts/cm/cmr8.
pfb><d:/texlive/2017/texmf-dist/fonts/type1/public/amsfonts/cm/cmss12.pfb><d:/t
exlive/2017/texmf-dist/fonts/type1/public/amsfonts/cm/cmsy10.pfb><d:/texlive/20
17/texmf-dist/fonts/type1/public/amsfonts/cm/cmsy6.pfb><d:/texlive/2017/texmf-d
ist/fonts/type1/public/amsfonts/cm/cmsy8.pfb><d:/texlive/2017/texmf-dist/fonts/
type1/public/amsfonts/cm/cmti12.pfb><d:/texlive/2017/texmf-dist/fonts/type1/pub
lic/amsfonts/euler/eufm10.pfb><d:/texlive/2017/texmf-dist/fonts/type1/public/am
sfonts/euler/eufm7.pfb><d:/texlive/2017/texmf-dist/fonts/type1/public/amsfonts/
symbols/msam10.pfb><d:/texlive/2017/texmf-dist/fonts/type1/public/amsfonts/symb
ols/msbm10.pfb>
Output written on a5.pdf (11 pages, 203002 bytes).
PDF statistics:
 116 PDF objects out of 1000 (max. 8388607)
 83 compressed objects within 1 object stream
 0 named destinations out of 1000 (max. 500000)
 1 words of extra memory for PDF output out of 10000 (max. 10000000)

